<?xml version="1.0" encoding="UTF-8"?>
<!-- Generated by org.testng.reporters.JUnitReportReporter -->
<testsuite skipped="0" hostname="LAPTOP-SV45NM6H" name="com.prestashop.tests.UnitTest" tests="4" failures="0" timestamp="20 Jun 2018 22:21:34 GMT" time="13.515" errors="0">
  <testcase name="wrongcredentialTest" time="2.892" classname="com.prestashop.tests.UnitTest"/>
  <testcase name="blankEmailTest" time="4.612" classname="com.prestashop.tests.UnitTest"/>
  <testcase name="blankPasswordTest" time="3.019" classname="com.prestashop.tests.UnitTest"/>
  <testcase name="invalidEmailTest" time="2.992" classname="com.prestashop.tests.UnitTest"/>
</testsuite> <!-- com.prestashop.tests.UnitTest -->
