<?xml version="1.0" encoding="UTF-8"?>
<!-- Generated by org.testng.reporters.JUnitReportReporter -->
<testsuite skipped="0" hostname="LAPTOP-SV45NM6H" name="com.prestashop.tests.UnitTestPositive" tests="1" failures="0" timestamp="20 Jun 2018 22:37:50 GMT" time="6.964" errors="0">
  <testcase name="invalidEmailTest" time="6.964" classname="com.prestashop.tests.UnitTestPositive"/>
</testsuite> <!-- com.prestashop.tests.UnitTestPositive -->
